<?xml version="1.0" encoding="UTF-8"?>
<testng-results ignored="0" total="2" passed="2" failed="0" skipped="0">
  <reporter-output>
  </reporter-output>
  <suite started-at="2025-02-21T18:13:00 IST" name="Default suite" finished-at="2025-02-21T18:14:21 IST" duration-ms="81504">
    <groups>
      <group name="cucumber">
        <method signature="AbstractTestNGCucumberTests.runScenario(io.cucumber.testng.PickleWrapper,io.cucumber.testng.FeatureWrapper)[pri:0, instance:testRunner.RunnerTest@1d296da]" name="runScenario" class="io.cucumber.testng.AbstractTestNGCucumberTests"/>
      </group> <!-- cucumber -->
    </groups>
    <test started-at="2025-02-21T18:13:00 IST" name="Default test" finished-at="2025-02-21T18:14:21 IST" duration-ms="81504">
      <class name="testRunner.RunnerTest">
        <test-method is-config="true" signature="setUpClass(org.testng.ITestContext)[pri:0, instance:testRunner.RunnerTest@1d296da]" started-at="2025-02-21T18:13:00 IST" name="setUpClass" finished-at="2025-02-21T18:13:02 IST" duration-ms="2620" status="PASS">
          <params>
            <param index="0">
              <value>
                <![CDATA[org.testng.TestRunner@aca2fc3]]>
              </value>
            </param>
          </params>
          <reporter-output>
          </reporter-output>
        </test-method> <!-- setUpClass -->
        <test-method signature="runScenario(io.cucumber.testng.PickleWrapper,io.cucumber.testng.FeatureWrapper)[pri:0, instance:testRunner.RunnerTest@1d296da]" started-at="2025-02-21T18:13:02 IST" name="runScenario" description="Runs Cucumber Scenarios" data-provider="scenarios" finished-at="2025-02-21T18:13:37 IST" duration-ms="34428" status="PASS">
          <params>
            <param index="0">
              <value>
                <![CDATA["Verify that the user can create a company"]]>
              </value>
            </param>
            <param index="1">
              <value>
                <![CDATA["Validate Company Module Functionality"]]>
              </value>
            </param>
          </params>
          <reporter-output>
          </reporter-output>
        </test-method> <!-- runScenario -->
        <test-method signature="runScenario(io.cucumber.testng.PickleWrapper,io.cucumber.testng.FeatureWrapper)[pri:0, instance:testRunner.RunnerTest@1d296da]" started-at="2025-02-21T18:13:37 IST" name="runScenario" description="Runs Cucumber Scenarios" data-provider="scenarios" finished-at="2025-02-21T18:14:15 IST" duration-ms="38607" status="PASS">
          <params>
            <param index="0">
              <value>
                <![CDATA["Verify that user should be able to edit company"]]>
              </value>
            </param>
            <param index="1">
              <value>
                <![CDATA["Validate Company Module Functionality"]]>
              </value>
            </param>
          </params>
          <reporter-output>
          </reporter-output>
        </test-method> <!-- runScenario -->
        <test-method is-config="true" signature="tearDownClass()[pri:0, instance:testRunner.RunnerTest@1d296da]" started-at="2025-02-21T18:14:15 IST" name="tearDownClass" finished-at="2025-02-21T18:14:21 IST" duration-ms="5764" status="PASS">
          <reporter-output>
          </reporter-output>
        </test-method> <!-- tearDownClass -->
      </class> <!-- testRunner.RunnerTest -->
    </test> <!-- Default test -->
  </suite> <!-- Default suite -->
</testng-results>
